0 info it worked if it ends with ok
1 verbose cli [ '/usr/local/Cellar/node/5.7.0/bin/node',
1 verbose cli   '/Users/laurencedorman/npm/bin/npm',
1 verbose cli   'version',
1 verbose cli   'patch',
1 verbose cli   '-m',
1 verbose cli   'postinstall task is overkill' ]
2 info using npm@3.7.5
3 info using node@v5.7.0
4 info git [ 'status', '--porcelain' ]
5 verbose stack Error: Git working directory not clean.
5 verbose stack D .npmignore
5 verbose stack M package.json
5 verbose stack     at /Users/laurencedorman/npm/lib/node_modules/npm/lib/version.js:246:19
5 verbose stack     at ChildProcess.exithandler (child_process.js:193:7)
5 verbose stack     at emitTwo (events.js:100:13)
5 verbose stack     at ChildProcess.emit (events.js:185:7)
5 verbose stack     at maybeClose (internal/child_process.js:827:16)
5 verbose stack     at Socket.<anonymous> (internal/child_process.js:319:11)
5 verbose stack     at emitOne (events.js:90:13)
5 verbose stack     at Socket.emit (events.js:182:7)
5 verbose stack     at Pipe._onclose (net.js:475:12)
6 verbose cwd /Users/laurencedorman/Sites/preact-classless-component
7 error Darwin 15.4.0
8 error argv "/usr/local/Cellar/node/5.7.0/bin/node" "/Users/laurencedorman/npm/bin/npm" "version" "patch" "-m" "postinstall task is overkill"
9 error node v5.7.0
10 error npm  v3.7.5
11 error Git working directory not clean.
11 error D .npmignore
11 error M package.json
12 error If you need help, you may report this error at:
12 error     <https://github.com/npm/npm/issues>
13 verbose exit [ 1, true ]
